<?xml version="1.0" encoding="UTF-8"?>
<!-- Generated by org.testng.reporters.JUnitReportReporter -->
<testsuite hostname="LAPTOP-JGSCOQDD" failures="0" tests="2" name="com.boltseal.scripts.LoginTest" time="42.321" errors="0" timestamp="2021-03-07T14:42:09 IST" skipped="0">
  <testcase classname="com.boltseal.scripts.LoginTest" name="InvalidSeal" time="23.045"/>
  <system-out>
    <![CDATA[Screenshot taken]]>
  </system-out>
  <testcase classname="com.boltseal.scripts.LoginTest" name="validSeal" time="19.276"/>
  <system-out>
    <![CDATA[Screenshot taken]]>
  </system-out>
</testsuite> <!-- com.boltseal.scripts.LoginTest -->
